  stdafx.cpp
  snoozy.cpp
  main.cpp
  Generating Code...
LINK : error LNK2001: unresolved external symbol _main.cpp
main.obj : error LNK2019: unresolved external symbol __imp__exit referenced in function _main
snoozy.obj : error LNK2001: unresolved external symbol __imp__exit
main.obj : error LNK2019: unresolved external symbol _strlen referenced in function "public: static unsigned int __cdecl std::char_traits<char>::length(char const * const)" (?length@?$char_traits@D@std@@SAIQBD@Z)
snoozy.obj : error LNK2001: unresolved external symbol _strlen
main.obj : error LNK2019: unresolved external symbol ___CxxFrameHandler3 referenced in function __unwindfunclet$??$?6U?$char_traits@D@std@@@std@@YAAAV?$basic_ostream@DU?$char_traits@D@std@@@0@AAV10@PBD@Z$2
snoozy.obj : error LNK2001: unresolved external symbol ___CxxFrameHandler3
MSVCRTD.lib(_init_.obj) : error LNK2019: unresolved external symbol __CrtDbgReport referenced in function __CRT_RTC_INIT
MSVCRTD.lib(_init_.obj) : error LNK2019: unresolved external symbol __CrtDbgReportW referenced in function __CRT_RTC_INITW
MSVCRTD.lib(new_scalar.obj) : error LNK2019: unresolved external symbol __callnewh referenced in function "void * __cdecl operator new(unsigned int)" (??2@YAPAXI@Z)
MSVCRTD.lib(new_scalar.obj) : error LNK2019: unresolved external symbol _malloc referenced in function "void * __cdecl operator new(unsigned int)" (??2@YAPAXI@Z)
MSVCRTD.lib(delete_scalar.obj) : error LNK2019: unresolved external symbol __free_dbg referenced in function "void __cdecl operator delete(void *)" (??3@YAXPAX@Z)
MSVCRTD.lib(_error_.obj) : error LNK2019: unresolved external symbol _strcpy_s referenced in function "void __cdecl _RTC_StackFailure(void *,char const *)" (?_RTC_StackFailure@@YAXPAXPBD@Z)
MSVCRTD.lib(_error_.obj) : error LNK2019: unresolved external symbol _strcat_s referenced in function "void __cdecl _RTC_StackFailure(void *,char const *)" (?_RTC_StackFailure@@YAXPAXPBD@Z)
MSVCRTD.lib(_error_.obj) : error LNK2019: unresolved external symbol ___stdio_common_vsprintf_s referenced in function __vsprintf_s_l
MSVCRTD.lib(throw_bad_alloc.obj) : error LNK2019: unresolved external symbol ___std_exception_copy referenced in function "public: __thiscall std::exception::exception(class std::exception const &)" (??0exception@std@@QAE@ABV01@@Z)
MSVCRTD.lib(throw_bad_alloc.obj) : error LNK2019: unresolved external symbol ___std_exception_destroy referenced in function "public: virtual __thiscall std::exception::~exception(void)" (??1exception@std@@UAE@XZ)
MSVCRTD.lib(throw_bad_alloc.obj) : error LNK2019: unresolved external symbol __CxxThrowException@8 referenced in function "void __cdecl __scrt_throw_std_bad_alloc(void)" (?__scrt_throw_std_bad_alloc@@YAXXZ)
MSVCRTD.lib(_pdblkup_.obj) : error LNK2019: unresolved external symbol __wmakepath_s referenced in function "int __cdecl GetPdbDllPathFromFilePath(wchar_t const *,wchar_t *,unsigned int)" (?GetPdbDllPathFromFilePath@@YAHPB_WPA_WI@Z)
MSVCRTD.lib(_pdblkup_.obj) : error LNK2019: unresolved external symbol __wsplitpath_s referenced in function "int __cdecl GetPdbDllPathFromFilePath(wchar_t const *,wchar_t *,unsigned int)" (?GetPdbDllPathFromFilePath@@YAHPB_WPA_WI@Z)
MSVCRTD.lib(_pdblkup_.obj) : error LNK2019: unresolved external symbol _wcscpy_s referenced in function "int __cdecl GetPdbDllPathFromFilePath(wchar_t const *,wchar_t *,unsigned int)" (?GetPdbDllPathFromFilePath@@YAHPB_WPA_WI@Z)
MSVCRTD.lib(_pdblkup_.obj) : error LNK2019: unresolved external symbol ___vcrt_GetModuleFileNameW referenced in function "struct HINSTANCE__ * __cdecl GetPdbDll(void)" (?GetPdbDll@@YAPAUHINSTANCE__@@XZ)
MSVCRTD.lib(_pdblkup_.obj) : error LNK2019: unresolved external symbol ___vcrt_GetModuleHandleW referenced in function "struct HINSTANCE__ * __cdecl GetPdbDll(void)" (?GetPdbDll@@YAPAUHINSTANCE__@@XZ)
MSVCRTD.lib(_pdblkup_.obj) : error LNK2019: unresolved external symbol ___vcrt_LoadLibraryExW referenced in function "struct HINSTANCE__ * __cdecl GetPdbDll(void)" (?GetPdbDll@@YAPAUHINSTANCE__@@XZ)
MSVCRTD.lib(_chandler4gs_.obj) : error LNK2019: unresolved external symbol __except_handler4_common referenced in function __except_handler4
C:\Repos\Snoozy\snoozy\Debug\snoozy.exe : fatal error LNK1120: 22 unresolved externals
